<?xml version="1.0" encoding="UTF-8"?>
<testng-results skipped="1" failed="1" ignored="0" total="6" passed="4">
  <reporter-output>
  </reporter-output>
  <suite name="Zoopla Web App Automation Test Suite" duration-ms="206382" started-at="2019-09-20T09:43:02Z" finished-at="2019-09-20T09:46:28Z">
    <groups>
    </groups>
    <test name="Zoopla Web App Automation Tests" duration-ms="206382" started-at="2019-09-20T09:43:02Z" finished-at="2019-09-20T09:46:28Z">
      <class name="com.zoopla.qa.testcases.PropertyDetailPageTest">
        <test-method status="PASS" signature="preConditon()[pri:0, instance:com.zoopla.qa.testcases.PropertyDetailPageTest@13deb50e]" name="preConditon" is-config="true" duration-ms="32106" started-at="2019-09-20T15:14:15Z" finished-at="2019-09-20T15:14:47Z">
          <reporter-output>
          </reporter-output>
        </test-method> <!-- preConditon -->
        <test-method status="PASS" signature="verifyToGetAgentDetailsPageTest()[pri:0, instance:com.zoopla.qa.testcases.PropertyDetailPageTest@13deb50e]" name="verifyToGetAgentDetailsPageTest" duration-ms="169" started-at="2019-09-20T15:14:47Z" finished-at="2019-09-20T15:14:47Z">
          <reporter-output>
          </reporter-output>
        </test-method> <!-- verifyToGetAgentDetailsPageTest -->
        <test-method status="PASS" signature="tearDown()[pri:0, instance:com.zoopla.qa.testcases.PropertyDetailPageTest@13deb50e]" name="tearDown" is-config="true" duration-ms="1130" started-at="2019-09-20T15:14:47Z" finished-at="2019-09-20T15:14:49Z">
          <reporter-output>
          </reporter-output>
        </test-method> <!-- tearDown -->
      </class> <!-- com.zoopla.qa.testcases.PropertyDetailPageTest -->
      <class name="com.zoopla.qa.testcases.HomePageTest">
        <test-method status="PASS" signature="preCondition()[pri:0, instance:com.zoopla.qa.testcases.HomePageTest@464bee09]" name="preCondition" is-config="true" duration-ms="17713" started-at="2019-09-20T15:13:02Z" finished-at="2019-09-20T15:13:20Z">
          <reporter-output>
          </reporter-output>
        </test-method> <!-- preCondition -->
        <test-method status="PASS" signature="verifyPropertyForSalePageBasedOnLocationTest()[pri:0, instance:com.zoopla.qa.testcases.HomePageTest@464bee09]" name="verifyPropertyForSalePageBasedOnLocationTest" duration-ms="9623" started-at="2019-09-20T15:13:20Z" finished-at="2019-09-20T15:13:29Z">
          <reporter-output>
          </reporter-output>
        </test-method> <!-- verifyPropertyForSalePageBasedOnLocationTest -->
        <test-method status="PASS" signature="tearDown()[pri:0, instance:com.zoopla.qa.testcases.HomePageTest@464bee09]" name="tearDown" is-config="true" duration-ms="1089" started-at="2019-09-20T15:13:29Z" finished-at="2019-09-20T15:13:31Z">
          <reporter-output>
          </reporter-output>
        </test-method> <!-- tearDown -->
        <test-method status="PASS" signature="preCondition()[pri:0, instance:com.zoopla.qa.testcases.HomePageTest@464bee09]" name="preCondition" is-config="true" duration-ms="12914" started-at="2019-09-20T15:13:31Z" finished-at="2019-09-20T15:13:43Z">
          <reporter-output>
          </reporter-output>
        </test-method> <!-- preCondition -->
        <test-method status="PASS" signature="verifyZooplaHomePageTitle()[pri:0, instance:com.zoopla.qa.testcases.HomePageTest@464bee09]" name="verifyZooplaHomePageTitle" duration-ms="31" started-at="2019-09-20T15:13:43Z" finished-at="2019-09-20T15:13:44Z">
          <reporter-output>
          </reporter-output>
        </test-method> <!-- verifyZooplaHomePageTitle -->
        <test-method status="PASS" signature="tearDown()[pri:0, instance:com.zoopla.qa.testcases.HomePageTest@464bee09]" name="tearDown" is-config="true" duration-ms="5055" started-at="2019-09-20T15:13:44Z" finished-at="2019-09-20T15:13:49Z">
          <reporter-output>
          </reporter-output>
        </test-method> <!-- tearDown -->
      </class> <!-- com.zoopla.qa.testcases.HomePageTest -->
      <class name="com.zoopla.qa.testcases.AgentDetailPageTest">
        <test-method status="PASS" signature="preCondition()[pri:0, instance:com.zoopla.qa.testcases.AgentDetailPageTest@239963d8]" name="preCondition" is-config="true" duration-ms="27934" started-at="2019-09-20T15:14:49Z" finished-at="2019-09-20T15:15:16Z">
          <reporter-output>
          </reporter-output>
        </test-method> <!-- preCondition -->
        <test-method status="SKIP" signature="verifyAgentNameTest()[pri:0, instance:com.zoopla.qa.testcases.AgentDetailPageTest@239963d8]" name="verifyAgentNameTest" duration-ms="20590" started-at="2019-09-20T15:15:16Z" finished-at="2019-09-20T15:15:37Z">
          <exception class="org.openqa.selenium.NoSuchElementException">
            <message>
              <![CDATA[no such element: Unable to locate element: {"method":"xpath","selector":"//div[@id='content']//h1[@class='bottom-hal']"}
  (Session info: chrome=77.0.3865.90)
  (Driver info: chromedriver=2.35.528161 (5b82f2d2aae0ca24b877009200ced9065a772e73),platform=Windows NT 6.1.7601 SP1 x86_64) (WARNING: The server did not provide any stacktrace information)
Command duration or timeout: 0 milliseconds
For documentation on this error, please visit: http://seleniumhq.org/exceptions/no_such_element.html
Build info: version: '3.14.0', revision: 'aacccce0', time: '2018-08-02T20:19:58.91Z'
System info: host: 'HIBAIL55565', ip: '10.91.36.237', os.name: 'Windows 7', os.arch: 'amd64', os.version: '6.1', java.version: '1.8.0_92'
Driver info: org.openqa.selenium.chrome.ChromeDriver
Capabilities {acceptInsecureCerts: false, acceptSslCerts: false, applicationCacheEnabled: false, browserConnectionEnabled: false, browserName: chrome, chrome: {chromedriverVersion: 2.35.528161 (5b82f2d2aae0ca..., userDataDir: C:\Users\inrahmed\AppData\L...}, cssSelectorsEnabled: true, databaseEnabled: false, handlesAlerts: true, hasTouchScreen: false, javascriptEnabled: true, locationContextEnabled: true, mobileEmulationEnabled: false, nativeEvents: true, networkConnectionEnabled: false, pageLoadStrategy: normal, platform: XP, platformName: XP, rotatable: false, setWindowRect: true, takesHeapSnapshot: true, takesScreenshot: true, unexpectedAlertBehaviour: , unhandledPromptBehavior: , version: 77.0.3865.90, webStorageEnabled: true}
Session ID: 0da9749171bde7a8675d1d921110670b
*** Element info: {Using=xpath, value=//div[@id='content']//h1[@class='bottom-hal']}]]>
            </message>
            <full-stacktrace>
              <![CDATA[org.openqa.selenium.NoSuchElementException: no such element: Unable to locate element: {"method":"xpath","selector":"//div[@id='content']//h1[@class='bottom-hal']"}
  (Session info: chrome=77.0.3865.90)
  (Driver info: chromedriver=2.35.528161 (5b82f2d2aae0ca24b877009200ced9065a772e73),platform=Windows NT 6.1.7601 SP1 x86_64) (WARNING: The server did not provide any stacktrace information)
Command duration or timeout: 0 milliseconds
For documentation on this error, please visit: http://seleniumhq.org/exceptions/no_such_element.html
Build info: version: '3.14.0', revision: 'aacccce0', time: '2018-08-02T20:19:58.91Z'
System info: host: 'HIBAIL55565', ip: '10.91.36.237', os.name: 'Windows 7', os.arch: 'amd64', os.version: '6.1', java.version: '1.8.0_92'
Driver info: org.openqa.selenium.chrome.ChromeDriver
Capabilities {acceptInsecureCerts: false, acceptSslCerts: false, applicationCacheEnabled: false, browserConnectionEnabled: false, browserName: chrome, chrome: {chromedriverVersion: 2.35.528161 (5b82f2d2aae0ca..., userDataDir: C:\Users\inrahmed\AppData\L...}, cssSelectorsEnabled: true, databaseEnabled: false, handlesAlerts: true, hasTouchScreen: false, javascriptEnabled: true, locationContextEnabled: true, mobileEmulationEnabled: false, nativeEvents: true, networkConnectionEnabled: false, pageLoadStrategy: normal, platform: XP, platformName: XP, rotatable: false, setWindowRect: true, takesHeapSnapshot: true, takesScreenshot: true, unexpectedAlertBehaviour: , unhandledPromptBehavior: , version: 77.0.3865.90, webStorageEnabled: true}
Session ID: 0da9749171bde7a8675d1d921110670b
*** Element info: {Using=xpath, value=//div[@id='content']//h1[@class='bottom-hal']}
	at sun.reflect.NativeConstructorAccessorImpl.newInstance0(Native Method)
	at sun.reflect.NativeConstructorAccessorImpl.newInstance(Unknown Source)
	at sun.reflect.DelegatingConstructorAccessorImpl.newInstance(Unknown Source)
	at java.lang.reflect.Constructor.newInstance(Unknown Source)
	at org.openqa.selenium.remote.ErrorHandler.createThrowable(ErrorHandler.java:214)
	at org.openqa.selenium.remote.ErrorHandler.throwIfResponseFailed(ErrorHandler.java:166)
	at org.openqa.selenium.remote.http.JsonHttpResponseCodec.reconstructValue(JsonHttpResponseCodec.java:40)
	at org.openqa.selenium.remote.http.AbstractHttpResponseCodec.decode(AbstractHttpResponseCodec.java:80)
	at org.openqa.selenium.remote.http.AbstractHttpResponseCodec.decode(AbstractHttpResponseCodec.java:44)
	at org.openqa.selenium.remote.HttpCommandExecutor.execute(HttpCommandExecutor.java:158)
	at org.openqa.selenium.remote.service.DriverCommandExecutor.execute(DriverCommandExecutor.java:83)
	at org.openqa.selenium.remote.RemoteWebDriver.execute(RemoteWebDriver.java:548)
	at org.openqa.selenium.remote.RemoteWebDriver.findElement(RemoteWebDriver.java:322)
	at org.openqa.selenium.remote.RemoteWebDriver.findElementByXPath(RemoteWebDriver.java:424)
	at org.openqa.selenium.By$ByXPath.findElement(By.java:353)
	at org.openqa.selenium.remote.RemoteWebDriver.findElement(RemoteWebDriver.java:314)
	at org.openqa.selenium.support.pagefactory.DefaultElementLocator.findElement(DefaultElementLocator.java:69)
	at org.openqa.selenium.support.pagefactory.internal.LocatingElementHandler.invoke(LocatingElementHandler.java:38)
	at com.sun.proxy.$Proxy10.getText(Unknown Source)
	at com.zoopla.qa.pages.AgentDetailPage.getAgentName(AgentDetailPage.java:23)
	at com.zoopla.qa.testcases.AgentDetailPageTest.verifyAgentNameTest(AgentDetailPageTest.java:34)
	at sun.reflect.NativeMethodAccessorImpl.invoke0(Native Method)
	at sun.reflect.NativeMethodAccessorImpl.invoke(Unknown Source)
	at sun.reflect.DelegatingMethodAccessorImpl.invoke(Unknown Source)
	at java.lang.reflect.Method.invoke(Unknown Source)
	at org.testng.internal.MethodInvocationHelper.invokeMethod(MethodInvocationHelper.java:108)
	at org.testng.internal.Invoker.invokeMethod(Invoker.java:661)
	at org.testng.internal.Invoker.invokeTestMethod(Invoker.java:869)
	at org.testng.internal.Invoker.invokeTestMethods(Invoker.java:1193)
	at org.testng.internal.TestMethodWorker.invokeTestMethods(TestMethodWorker.java:126)
	at org.testng.internal.TestMethodWorker.run(TestMethodWorker.java:109)
	at org.testng.TestRunner.privateRun(TestRunner.java:744)
	at org.testng.TestRunner.run(TestRunner.java:602)
	at org.testng.SuiteRunner.runTest(SuiteRunner.java:380)
	at org.testng.SuiteRunner.runSequentially(SuiteRunner.java:375)
	at org.testng.SuiteRunner.privateRun(SuiteRunner.java:340)
	at org.testng.SuiteRunner.run(SuiteRunner.java:289)
	at org.testng.SuiteRunnerWorker.runSuite(SuiteRunnerWorker.java:52)
	at org.testng.SuiteRunnerWorker.run(SuiteRunnerWorker.java:86)
	at org.testng.TestNG.runSuitesSequentially(TestNG.java:1301)
	at org.testng.TestNG.runSuitesLocally(TestNG.java:1226)
	at org.testng.TestNG.runSuites(TestNG.java:1144)
	at org.testng.TestNG.run(TestNG.java:1115)
	at org.testng.remote.AbstractRemoteTestNG.run(AbstractRemoteTestNG.java:114)
	at org.testng.remote.RemoteTestNG.initAndRun(RemoteTestNG.java:251)
	at org.testng.remote.RemoteTestNG.main(RemoteTestNG.java:77)
]]>
            </full-stacktrace>
          </exception> <!-- org.openqa.selenium.NoSuchElementException -->
          <reporter-output>
          </reporter-output>
        </test-method> <!-- verifyAgentNameTest -->
        <test-method status="PASS" signature="tearDown()[pri:0, instance:com.zoopla.qa.testcases.AgentDetailPageTest@239963d8]" name="tearDown" is-config="true" duration-ms="1221" started-at="2019-09-20T15:15:37Z" finished-at="2019-09-20T15:15:38Z">
          <reporter-output>
          </reporter-output>
        </test-method> <!-- tearDown -->
        <test-method status="PASS" signature="preCondition()[pri:0, instance:com.zoopla.qa.testcases.AgentDetailPageTest@239963d8]" name="preCondition" is-config="true" duration-ms="27926" started-at="2019-09-20T15:15:38Z" finished-at="2019-09-20T15:16:06Z">
          <reporter-output>
          </reporter-output>
        </test-method> <!-- preCondition -->
        <test-method status="FAIL" signature="verifyAgentNameTest()[pri:0, instance:com.zoopla.qa.testcases.AgentDetailPageTest@239963d8]" name="verifyAgentNameTest" duration-ms="20517" started-at="2019-09-20T15:16:06Z" finished-at="2019-09-20T15:16:27Z">
          <exception class="org.openqa.selenium.NoSuchElementException">
            <message>
              <![CDATA[no such element: Unable to locate element: {"method":"xpath","selector":"//div[@id='content']//h1[@class='bottom-hal']"}
  (Session info: chrome=77.0.3865.90)
  (Driver info: chromedriver=2.35.528161 (5b82f2d2aae0ca24b877009200ced9065a772e73),platform=Windows NT 6.1.7601 SP1 x86_64) (WARNING: The server did not provide any stacktrace information)
Command duration or timeout: 0 milliseconds
For documentation on this error, please visit: http://seleniumhq.org/exceptions/no_such_element.html
Build info: version: '3.14.0', revision: 'aacccce0', time: '2018-08-02T20:19:58.91Z'
System info: host: 'HIBAIL55565', ip: '10.91.36.237', os.name: 'Windows 7', os.arch: 'amd64', os.version: '6.1', java.version: '1.8.0_92'
Driver info: org.openqa.selenium.chrome.ChromeDriver
Capabilities {acceptInsecureCerts: false, acceptSslCerts: false, applicationCacheEnabled: false, browserConnectionEnabled: false, browserName: chrome, chrome: {chromedriverVersion: 2.35.528161 (5b82f2d2aae0ca..., userDataDir: C:\Users\inrahmed\AppData\L...}, cssSelectorsEnabled: true, databaseEnabled: false, handlesAlerts: true, hasTouchScreen: false, javascriptEnabled: true, locationContextEnabled: true, mobileEmulationEnabled: false, nativeEvents: true, networkConnectionEnabled: false, pageLoadStrategy: normal, platform: XP, platformName: XP, rotatable: false, setWindowRect: true, takesHeapSnapshot: true, takesScreenshot: true, unexpectedAlertBehaviour: , unhandledPromptBehavior: , version: 77.0.3865.90, webStorageEnabled: true}
Session ID: 34c9b710f587cb8b07218a3a111e32b4
*** Element info: {Using=xpath, value=//div[@id='content']//h1[@class='bottom-hal']}]]>
            </message>
            <full-stacktrace>
              <![CDATA[org.openqa.selenium.NoSuchElementException: no such element: Unable to locate element: {"method":"xpath","selector":"//div[@id='content']//h1[@class='bottom-hal']"}
  (Session info: chrome=77.0.3865.90)
  (Driver info: chromedriver=2.35.528161 (5b82f2d2aae0ca24b877009200ced9065a772e73),platform=Windows NT 6.1.7601 SP1 x86_64) (WARNING: The server did not provide any stacktrace information)
Command duration or timeout: 0 milliseconds
For documentation on this error, please visit: http://seleniumhq.org/exceptions/no_such_element.html
Build info: version: '3.14.0', revision: 'aacccce0', time: '2018-08-02T20:19:58.91Z'
System info: host: 'HIBAIL55565', ip: '10.91.36.237', os.name: 'Windows 7', os.arch: 'amd64', os.version: '6.1', java.version: '1.8.0_92'
Driver info: org.openqa.selenium.chrome.ChromeDriver
Capabilities {acceptInsecureCerts: false, acceptSslCerts: false, applicationCacheEnabled: false, browserConnectionEnabled: false, browserName: chrome, chrome: {chromedriverVersion: 2.35.528161 (5b82f2d2aae0ca..., userDataDir: C:\Users\inrahmed\AppData\L...}, cssSelectorsEnabled: true, databaseEnabled: false, handlesAlerts: true, hasTouchScreen: false, javascriptEnabled: true, locationContextEnabled: true, mobileEmulationEnabled: false, nativeEvents: true, networkConnectionEnabled: false, pageLoadStrategy: normal, platform: XP, platformName: XP, rotatable: false, setWindowRect: true, takesHeapSnapshot: true, takesScreenshot: true, unexpectedAlertBehaviour: , unhandledPromptBehavior: , version: 77.0.3865.90, webStorageEnabled: true}
Session ID: 34c9b710f587cb8b07218a3a111e32b4
*** Element info: {Using=xpath, value=//div[@id='content']//h1[@class='bottom-hal']}
	at sun.reflect.NativeConstructorAccessorImpl.newInstance0(Native Method)
	at sun.reflect.NativeConstructorAccessorImpl.newInstance(Unknown Source)
	at sun.reflect.DelegatingConstructorAccessorImpl.newInstance(Unknown Source)
	at java.lang.reflect.Constructor.newInstance(Unknown Source)
	at org.openqa.selenium.remote.ErrorHandler.createThrowable(ErrorHandler.java:214)
	at org.openqa.selenium.remote.ErrorHandler.throwIfResponseFailed(ErrorHandler.java:166)
	at org.openqa.selenium.remote.http.JsonHttpResponseCodec.reconstructValue(JsonHttpResponseCodec.java:40)
	at org.openqa.selenium.remote.http.AbstractHttpResponseCodec.decode(AbstractHttpResponseCodec.java:80)
	at org.openqa.selenium.remote.http.AbstractHttpResponseCodec.decode(AbstractHttpResponseCodec.java:44)
	at org.openqa.selenium.remote.HttpCommandExecutor.execute(HttpCommandExecutor.java:158)
	at org.openqa.selenium.remote.service.DriverCommandExecutor.execute(DriverCommandExecutor.java:83)
	at org.openqa.selenium.remote.RemoteWebDriver.execute(RemoteWebDriver.java:548)
	at org.openqa.selenium.remote.RemoteWebDriver.findElement(RemoteWebDriver.java:322)
	at org.openqa.selenium.remote.RemoteWebDriver.findElementByXPath(RemoteWebDriver.java:424)
	at org.openqa.selenium.By$ByXPath.findElement(By.java:353)
	at org.openqa.selenium.remote.RemoteWebDriver.findElement(RemoteWebDriver.java:314)
	at org.openqa.selenium.support.pagefactory.DefaultElementLocator.findElement(DefaultElementLocator.java:69)
	at org.openqa.selenium.support.pagefactory.internal.LocatingElementHandler.invoke(LocatingElementHandler.java:38)
	at com.sun.proxy.$Proxy10.getText(Unknown Source)
	at com.zoopla.qa.pages.AgentDetailPage.getAgentName(AgentDetailPage.java:23)
	at com.zoopla.qa.testcases.AgentDetailPageTest.verifyAgentNameTest(AgentDetailPageTest.java:34)
	at sun.reflect.NativeMethodAccessorImpl.invoke0(Native Method)
	at sun.reflect.NativeMethodAccessorImpl.invoke(Unknown Source)
	at sun.reflect.DelegatingMethodAccessorImpl.invoke(Unknown Source)
	at java.lang.reflect.Method.invoke(Unknown Source)
	at org.testng.internal.MethodInvocationHelper.invokeMethod(MethodInvocationHelper.java:108)
	at org.testng.internal.Invoker.invokeMethod(Invoker.java:661)
	at org.testng.internal.Invoker.retryFailed(Invoker.java:1014)
	at org.testng.internal.Invoker.invokeTestMethods(Invoker.java:1215)
	at org.testng.internal.TestMethodWorker.invokeTestMethods(TestMethodWorker.java:126)
	at org.testng.internal.TestMethodWorker.run(TestMethodWorker.java:109)
	at org.testng.TestRunner.privateRun(TestRunner.java:744)
	at org.testng.TestRunner.run(TestRunner.java:602)
	at org.testng.SuiteRunner.runTest(SuiteRunner.java:380)
	at org.testng.SuiteRunner.runSequentially(SuiteRunner.java:375)
	at org.testng.SuiteRunner.privateRun(SuiteRunner.java:340)
	at org.testng.SuiteRunner.run(SuiteRunner.java:289)
	at org.testng.SuiteRunnerWorker.runSuite(SuiteRunnerWorker.java:52)
	at org.testng.SuiteRunnerWorker.run(SuiteRunnerWorker.java:86)
	at org.testng.TestNG.runSuitesSequentially(TestNG.java:1301)
	at org.testng.TestNG.runSuitesLocally(TestNG.java:1226)
	at org.testng.TestNG.runSuites(TestNG.java:1144)
	at org.testng.TestNG.run(TestNG.java:1115)
	at org.testng.remote.AbstractRemoteTestNG.run(AbstractRemoteTestNG.java:114)
	at org.testng.remote.RemoteTestNG.initAndRun(RemoteTestNG.java:251)
	at org.testng.remote.RemoteTestNG.main(RemoteTestNG.java:77)
]]>
            </full-stacktrace>
          </exception> <!-- org.openqa.selenium.NoSuchElementException -->
          <reporter-output>
          </reporter-output>
        </test-method> <!-- verifyAgentNameTest -->
        <test-method status="PASS" signature="tearDown()[pri:0, instance:com.zoopla.qa.testcases.AgentDetailPageTest@239963d8]" name="tearDown" is-config="true" duration-ms="1116" started-at="2019-09-20T15:16:27Z" finished-at="2019-09-20T15:16:28Z">
          <reporter-output>
          </reporter-output>
        </test-method> <!-- tearDown -->
      </class> <!-- com.zoopla.qa.testcases.AgentDetailPageTest -->
      <class name="com.zoopla.qa.testcases.PropertyForSalePageTest">
        <test-method status="PASS" signature="preCondition()[pri:0, instance:com.zoopla.qa.testcases.PropertyForSalePageTest@f6c48ac]" name="preCondition" is-config="true" duration-ms="23997" started-at="2019-09-20T15:13:49Z" finished-at="2019-09-20T15:14:13Z">
          <reporter-output>
          </reporter-output>
        </test-method> <!-- preCondition -->
        <test-method status="PASS" signature="verifyToSortThePropertyPriceListInDescendingOrderTest()[pri:0, instance:com.zoopla.qa.testcases.PropertyForSalePageTest@f6c48ac]" name="verifyToSortThePropertyPriceListInDescendingOrderTest" duration-ms="1256" started-at="2019-09-20T15:14:13Z" finished-at="2019-09-20T15:14:14Z">
          <reporter-output>
          </reporter-output>
        </test-method> <!-- verifyToSortThePropertyPriceListInDescendingOrderTest -->
        <test-method status="PASS" signature="tearDown()[pri:0, instance:com.zoopla.qa.testcases.PropertyForSalePageTest@f6c48ac]" name="tearDown" is-config="true" duration-ms="1308" started-at="2019-09-20T15:14:14Z" finished-at="2019-09-20T15:14:15Z">
          <reporter-output>
          </reporter-output>
        </test-method> <!-- tearDown -->
      </class> <!-- com.zoopla.qa.testcases.PropertyForSalePageTest -->
    </test> <!-- Zoopla Web App Automation Tests -->
  </suite> <!-- Zoopla Web App Automation Test Suite -->
</testng-results>
